{"C:\\Users\\vital\\workspace\\testing-workshop\\src\\validateScore.js": {"path":"C:\\Users\\vital\\workspace\\testing-workshop\\src\\validateScore.js","all":false,"statementMap":{"0":{"start":{"line":1,"column":0},"end":{"line":1,"column":3}},"1":{"start":{"line":2,"column":0},"end":{"line":2,"column":67}},"2":{"start":{"line":3,"column":0},"end":{"line":3,"column":10}},"3":{"start":{"line":4,"column":0},"end":{"line":4,"column":1}},"4":{"start":{"line":5,"column":0},"end":{"line":5,"column":63}},"5":{"start":{"line":6,"column":0},"end":{"line":6,"column":51}},"6":{"start":{"line":7,"column":0},"end":{"line":7,"column":61}},"7":{"start":{"line":8,"column":0},"end":{"line":8,"column":23}},"8":{"start":{"line":9,"column":0},"end":{"line":9,"column":62}},"9":{"start":{"line":10,"column":0},"end":{"line":10,"column":40}},"10":{"start":{"line":11,"column":0},"end":{"line":11,"column":61}},"11":{"start":{"line":12,"column":0},"end":{"line":12,"column":28}},"12":{"start":{"line":13,"column":0},"end":{"line":13,"column":44}},"13":{"start":{"line":14,"column":0},"end":{"line":14,"column":2}},"14":{"start":{"line":15,"column":0},"end":{"line":15,"column":45}},"15":{"start":{"line":16,"column":0},"end":{"line":16,"column":30}},"16":{"start":{"line":17,"column":0},"end":{"line":17,"column":52}},"17":{"start":{"line":18,"column":0},"end":{"line":18,"column":51}},"18":{"start":{"line":19,"column":0},"end":{"line":19,"column":58}},"19":{"start":{"line":20,"column":0},"end":{"line":20,"column":4}},"20":{"start":{"line":21,"column":0},"end":{"line":21,"column":21}},"21":{"start":{"line":22,"column":0},"end":{"line":22,"column":20}},"22":{"start":{"line":23,"column":0},"end":{"line":23,"column":16}},"23":{"start":{"line":24,"column":0},"end":{"line":24,"column":17}},"24":{"start":{"line":25,"column":0},"end":{"line":25,"column":18}},"25":{"start":{"line":26,"column":0},"end":{"line":26,"column":14}},"26":{"start":{"line":27,"column":0},"end":{"line":27,"column":14}},"27":{"start":{"line":28,"column":0},"end":{"line":28,"column":6}},"28":{"start":{"line":29,"column":0},"end":{"line":29,"column":4}},"29":{"start":{"line":30,"column":0},"end":{"line":30,"column":23}},"30":{"start":{"line":31,"column":0},"end":{"line":31,"column":48}},"31":{"start":{"line":32,"column":0},"end":{"line":32,"column":25}},"32":{"start":{"line":33,"column":0},"end":{"line":33,"column":49}},"33":{"start":{"line":34,"column":0},"end":{"line":34,"column":18}},"34":{"start":{"line":35,"column":0},"end":{"line":35,"column":5}},"35":{"start":{"line":36,"column":0},"end":{"line":36,"column":4}},"36":{"start":{"line":37,"column":0},"end":{"line":37,"column":36}},"37":{"start":{"line":38,"column":0},"end":{"line":38,"column":25}},"38":{"start":{"line":39,"column":0},"end":{"line":39,"column":52}},"39":{"start":{"line":40,"column":0},"end":{"line":40,"column":18}},"40":{"start":{"line":41,"column":0},"end":{"line":41,"column":5}},"41":{"start":{"line":42,"column":0},"end":{"line":42,"column":4}},"42":{"start":{"line":43,"column":0},"end":{"line":43,"column":35}},"43":{"start":{"line":44,"column":0},"end":{"line":44,"column":25}},"44":{"start":{"line":45,"column":0},"end":{"line":45,"column":63}},"45":{"start":{"line":46,"column":0},"end":{"line":46,"column":18}},"46":{"start":{"line":47,"column":0},"end":{"line":47,"column":5}},"47":{"start":{"line":48,"column":0},"end":{"line":48,"column":4}},"48":{"start":{"line":49,"column":0},"end":{"line":49,"column":26}},"49":{"start":{"line":50,"column":0},"end":{"line":50,"column":21}},"50":{"start":{"line":51,"column":0},"end":{"line":51,"column":57}},"51":{"start":{"line":52,"column":0},"end":{"line":52,"column":25}},"52":{"start":{"line":53,"column":0},"end":{"line":53,"column":60}},"53":{"start":{"line":54,"column":0},"end":{"line":54,"column":18}},"54":{"start":{"line":55,"column":0},"end":{"line":55,"column":5}},"55":{"start":{"line":56,"column":0},"end":{"line":56,"column":4}},"56":{"start":{"line":57,"column":0},"end":{"line":57,"column":35}},"57":{"start":{"line":58,"column":0},"end":{"line":58,"column":25}},"58":{"start":{"line":59,"column":0},"end":{"line":59,"column":58}},"59":{"start":{"line":60,"column":0},"end":{"line":60,"column":18}},"60":{"start":{"line":61,"column":0},"end":{"line":61,"column":5}},"61":{"start":{"line":62,"column":0},"end":{"line":62,"column":5}},"62":{"start":{"line":63,"column":0},"end":{"line":63,"column":4}},"63":{"start":{"line":64,"column":0},"end":{"line":64,"column":56}},"64":{"start":{"line":65,"column":0},"end":{"line":65,"column":27}},"65":{"start":{"line":66,"column":0},"end":{"line":66,"column":37}},"66":{"start":{"line":67,"column":0},"end":{"line":67,"column":69}},"67":{"start":{"line":68,"column":0},"end":{"line":68,"column":61}},"68":{"start":{"line":69,"column":0},"end":{"line":69,"column":34}},"69":{"start":{"line":70,"column":0},"end":{"line":70,"column":9}},"70":{"start":{"line":71,"column":0},"end":{"line":71,"column":8}},"71":{"start":{"line":72,"column":0},"end":{"line":72,"column":26}},"72":{"start":{"line":73,"column":0},"end":{"line":73,"column":51}},"73":{"start":{"line":74,"column":0},"end":{"line":74,"column":8}},"74":{"start":{"line":75,"column":0},"end":{"line":75,"column":26}},"75":{"start":{"line":76,"column":0},"end":{"line":76,"column":31}},"76":{"start":{"line":77,"column":0},"end":{"line":77,"column":27}},"77":{"start":{"line":78,"column":0},"end":{"line":78,"column":38}},"78":{"start":{"line":79,"column":0},"end":{"line":79,"column":27}},"79":{"start":{"line":80,"column":0},"end":{"line":80,"column":38}},"80":{"start":{"line":81,"column":0},"end":{"line":81,"column":27}},"81":{"start":{"line":82,"column":0},"end":{"line":82,"column":38}},"82":{"start":{"line":83,"column":0},"end":{"line":83,"column":27}},"83":{"start":{"line":84,"column":0},"end":{"line":84,"column":16}},"84":{"start":{"line":85,"column":0},"end":{"line":85,"column":27}},"85":{"start":{"line":86,"column":0},"end":{"line":86,"column":9}},"86":{"start":{"line":87,"column":0},"end":{"line":87,"column":8}},"87":{"start":{"line":88,"column":0},"end":{"line":88,"column":22}},"88":{"start":{"line":89,"column":0},"end":{"line":89,"column":9}},"89":{"start":{"line":90,"column":0},"end":{"line":90,"column":8}},"90":{"start":{"line":91,"column":0},"end":{"line":91,"column":33}}},"s":{"0":1,"1":1,"2":1,"3":1,"4":1,"5":1,"6":1,"7":1,"8":1,"9":1,"10":1,"11":1,"12":1,"13":1,"14":30,"15":30,"16":30,"17":30,"18":30,"19":30,"20":30,"21":30,"22":30,"23":30,"24":30,"25":30,"26":30,"27":30,"28":30,"29":30,"30":30,"31":1,"32":1,"33":1,"34":1,"35":29,"36":30,"37":1,"38":1,"39":1,"40":1,"41":28,"42":30,"43":2,"44":2,"45":2,"46":2,"47":26,"48":26,"49":30,"50":3,"51":1,"52":1,"53":1,"54":1,"55":2,"56":3,"57":1,"58":1,"59":1,"60":1,"61":3,"62":24,"63":24,"64":24,"65":30,"66":3,"67":3,"68":3,"69":3,"70":24,"71":24,"72":24,"73":24,"74":24,"75":30,"76":4,"77":30,"78":4,"79":20,"80":6,"81":16,"82":6,"83":10,"84":4,"85":4,"86":24,"87":24,"88":30,"89":1,"90":1},"branchMap":{"0":{"type":"branch","line":15,"loc":{"start":{"line":15,"column":0},"end":{"line":89,"column":9}},"locations":[{"start":{"line":15,"column":0},"end":{"line":89,"column":9}}]},"1":{"type":"branch","line":17,"loc":{"start":{"line":17,"column":46},"end":{"line":17,"column":51}},"locations":[{"start":{"line":17,"column":46},"end":{"line":17,"column":51}}]},"2":{"type":"branch","line":18,"loc":{"start":{"line":18,"column":42},"end":{"line":18,"column":50}},"locations":[{"start":{"line":18,"column":42},"end":{"line":18,"column":50}}]},"3":{"type":"branch","line":19,"loc":{"start":{"line":19,"column":52},"end":{"line":19,"column":57}},"locations":[{"start":{"line":19,"column":52},"end":{"line":19,"column":57}}]},"4":{"type":"branch","line":31,"loc":{"start":{"line":31,"column":28},"end":{"line":31,"column":45}},"locations":[{"start":{"line":31,"column":28},"end":{"line":31,"column":45}}]},"5":{"type":"branch","line":31,"loc":{"start":{"line":31,"column":47},"end":{"line":35,"column":5}},"locations":[{"start":{"line":31,"column":47},"end":{"line":35,"column":5}}]},"6":{"type":"branch","line":35,"loc":{"start":{"line":35,"column":4},"end":{"line":37,"column":35}},"locations":[{"start":{"line":35,"column":4},"end":{"line":37,"column":35}}]},"7":{"type":"branch","line":37,"loc":{"start":{"line":37,"column":35},"end":{"line":41,"column":5}},"locations":[{"start":{"line":37,"column":35},"end":{"line":41,"column":5}}]},"8":{"type":"branch","line":41,"loc":{"start":{"line":41,"column":4},"end":{"line":43,"column":18}},"locations":[{"start":{"line":41,"column":4},"end":{"line":43,"column":18}}]},"9":{"type":"branch","line":43,"loc":{"start":{"line":43,"column":18},"end":{"line":43,"column":32}},"locations":[{"start":{"line":43,"column":18},"end":{"line":43,"column":32}}]},"10":{"type":"branch","line":43,"loc":{"start":{"line":43,"column":34},"end":{"line":47,"column":5}},"locations":[{"start":{"line":43,"column":34},"end":{"line":47,"column":5}}]},"11":{"type":"branch","line":47,"loc":{"start":{"line":47,"column":4},"end":{"line":50,"column":20}},"locations":[{"start":{"line":47,"column":4},"end":{"line":50,"column":20}}]},"12":{"type":"branch","line":50,"loc":{"start":{"line":50,"column":20},"end":{"line":62,"column":5}},"locations":[{"start":{"line":50,"column":20},"end":{"line":62,"column":5}}]},"13":{"type":"branch","line":51,"loc":{"start":{"line":51,"column":28},"end":{"line":51,"column":54}},"locations":[{"start":{"line":51,"column":28},"end":{"line":51,"column":54}}]},"14":{"type":"branch","line":51,"loc":{"start":{"line":51,"column":56},"end":{"line":55,"column":5}},"locations":[{"start":{"line":51,"column":56},"end":{"line":55,"column":5}}]},"15":{"type":"branch","line":55,"loc":{"start":{"line":55,"column":4},"end":{"line":57,"column":34}},"locations":[{"start":{"line":55,"column":4},"end":{"line":57,"column":34}}]},"16":{"type":"branch","line":57,"loc":{"start":{"line":57,"column":34},"end":{"line":61,"column":5}},"locations":[{"start":{"line":57,"column":34},"end":{"line":61,"column":5}}]},"17":{"type":"branch","line":62,"loc":{"start":{"line":62,"column":4},"end":{"line":66,"column":36}},"locations":[{"start":{"line":62,"column":4},"end":{"line":66,"column":36}}]},"18":{"type":"branch","line":66,"loc":{"start":{"line":66,"column":36},"end":{"line":70,"column":9}},"locations":[{"start":{"line":66,"column":36},"end":{"line":70,"column":9}}]},"19":{"type":"branch","line":70,"loc":{"start":{"line":70,"column":8},"end":{"line":76,"column":30}},"locations":[{"start":{"line":70,"column":8},"end":{"line":76,"column":30}}]},"20":{"type":"branch","line":76,"loc":{"start":{"line":76,"column":30},"end":{"line":78,"column":9}},"locations":[{"start":{"line":76,"column":30},"end":{"line":78,"column":9}}]},"21":{"type":"branch","line":78,"loc":{"start":{"line":78,"column":9},"end":{"line":86,"column":9}},"locations":[{"start":{"line":78,"column":9},"end":{"line":86,"column":9}}]},"22":{"type":"branch","line":78,"loc":{"start":{"line":78,"column":37},"end":{"line":80,"column":9}},"locations":[{"start":{"line":78,"column":37},"end":{"line":80,"column":9}}]},"23":{"type":"branch","line":80,"loc":{"start":{"line":80,"column":9},"end":{"line":86,"column":9}},"locations":[{"start":{"line":80,"column":9},"end":{"line":86,"column":9}}]},"24":{"type":"branch","line":80,"loc":{"start":{"line":80,"column":37},"end":{"line":82,"column":9}},"locations":[{"start":{"line":80,"column":37},"end":{"line":82,"column":9}}]},"25":{"type":"branch","line":82,"loc":{"start":{"line":82,"column":9},"end":{"line":86,"column":9}},"locations":[{"start":{"line":82,"column":9},"end":{"line":86,"column":9}}]},"26":{"type":"branch","line":82,"loc":{"start":{"line":82,"column":37},"end":{"line":84,"column":9}},"locations":[{"start":{"line":82,"column":37},"end":{"line":84,"column":9}}]},"27":{"type":"branch","line":84,"loc":{"start":{"line":84,"column":9},"end":{"line":86,"column":9}},"locations":[{"start":{"line":84,"column":9},"end":{"line":86,"column":9}}]},"28":{"type":"branch","line":86,"loc":{"start":{"line":86,"column":8},"end":{"line":89,"column":8}},"locations":[{"start":{"line":86,"column":8},"end":{"line":89,"column":8}}]}},"b":{"0":[30],"1":[29],"2":[27],"3":[27],"4":[29],"5":[1],"6":[29],"7":[1],"8":[28],"9":[27],"10":[2],"11":[26],"12":[3],"13":[2],"14":[1],"15":[2],"16":[1],"17":[24],"18":[3],"19":[24],"20":[4],"21":[20],"22":[4],"23":[16],"24":[6],"25":[10],"26":[6],"27":[4],"28":[24]},"fnMap":{"0":{"name":"validateScore","decl":{"start":{"line":15,"column":0},"end":{"line":89,"column":9}},"loc":{"start":{"line":15,"column":0},"end":{"line":89,"column":9}},"line":15}},"f":{"0":30}}
}
